<?xml version="1.0" encoding="UTF-8"?>
<!-- Generated by org.testng.reporters.JUnitXMLReporter -->
<testsuite ignored="0" hostname="DESKTOP-UUTENFS" failures="0" tests="3" name="Regression" time="22.255" errors="0" timestamp="2023-08-09T00:45:23 IST">
  <testcase classname="com.artoftesting.test.SearchFlightsTest" name="searchFlights" time="5.582"/>
  <testcase classname="com.artoftesting.test.SearchFlightsTest" name="verifyFlightNumberDislayedInSearchResults" time="4.157"/>
  <testcase classname="com.artoftesting.test.SearchFlightsTest" name="verifyNoFlightsFound" time="4.647"/>
</testsuite> <!-- Regression -->
