<?xml version="1.0" encoding="UTF-8"?>
<testng-results ignored="0" total="3" passed="3" failed="0" skipped="0">
  <reporter-output>
  </reporter-output>
  <suite started-at="2023-08-09T00:45:00 IST" name="Test Suite" finished-at="2023-08-09T00:45:23 IST" duration-ms="22255">
    <groups>
    </groups>
    <test started-at="2023-08-09T00:45:00 IST" name="Regression" finished-at="2023-08-09T00:45:23 IST" duration-ms="22255">
      <class name="com.artoftesting.test.SearchFlightsTest">
        <test-method is-config="true" signature="suiteSetup()[pri:0, instance:com.artoftesting.test.SearchFlightsTest@36f48b4]" started-at="2023-08-09T00:44:56 IST" name="suiteSetup" finished-at="2023-08-09T00:45:00 IST" duration-ms="4764" status="PASS">
          <reporter-output>
          </reporter-output>
        </test-method> <!-- suiteSetup -->
        <test-method is-config="true" signature="loadBaseUrl(java.lang.reflect.Method)[pri:0, instance:com.artoftesting.test.SearchFlightsTest@36f48b4]" started-at="2023-08-09T00:45:00 IST" name="loadBaseUrl" finished-at="2023-08-09T00:45:05 IST" duration-ms="4195" status="PASS">
          <params>
            <param index="0">
              <value>
                <![CDATA[public void com.artoftesting.test.SearchFlightsTest.searchFlights() throws java.lang.Exception]]>
              </value>
            </param>
          </params>
          <reporter-output>
          </reporter-output>
        </test-method> <!-- loadBaseUrl -->
        <test-method signature="searchFlights()[pri:0, instance:com.artoftesting.test.SearchFlightsTest@36f48b4]" started-at="2023-08-09T00:45:05 IST" name="searchFlights" finished-at="2023-08-09T00:45:10 IST" duration-ms="5582" status="PASS">
          <reporter-output>
          </reporter-output>
        </test-method> <!-- searchFlights -->
        <test-method is-config="true" signature="screenshotAndDeleteCookies(org.testng.ITestResult)[pri:0, instance:com.artoftesting.test.SearchFlightsTest@36f48b4]" started-at="2023-08-09T00:45:10 IST" name="screenshotAndDeleteCookies" finished-at="2023-08-09T00:45:10 IST" duration-ms="208" status="PASS">
          <params>
            <param index="0">
              <value>
                <![CDATA[[TestResult name=searchFlights status=SUCCESS method=SearchFlightsTest.searchFlights()[pri:0, instance:com.artoftesting.test.SearchFlightsTest@36f48b4] output={null}]]]>
              </value>
            </param>
          </params>
          <reporter-output>
          </reporter-output>
        </test-method> <!-- screenshotAndDeleteCookies -->
        <test-method is-config="true" signature="loadBaseUrl(java.lang.reflect.Method)[pri:0, instance:com.artoftesting.test.SearchFlightsTest@36f48b4]" started-at="2023-08-09T00:45:10 IST" name="loadBaseUrl" finished-at="2023-08-09T00:45:12 IST" duration-ms="1574" status="PASS">
          <params>
            <param index="0">
              <value>
                <![CDATA[public void com.artoftesting.test.SearchFlightsTest.verifyFlightNumberDislayedInSearchResults() throws java.lang.Exception]]>
              </value>
            </param>
          </params>
          <reporter-output>
          </reporter-output>
        </test-method> <!-- loadBaseUrl -->
        <test-method signature="verifyFlightNumberDislayedInSearchResults()[pri:0, instance:com.artoftesting.test.SearchFlightsTest@36f48b4]" started-at="2023-08-09T00:45:12 IST" name="verifyFlightNumberDislayedInSearchResults" finished-at="2023-08-09T00:45:16 IST" duration-ms="4157" status="PASS">
          <reporter-output>
          </reporter-output>
        </test-method> <!-- verifyFlightNumberDislayedInSearchResults -->
        <test-method is-config="true" signature="screenshotAndDeleteCookies(org.testng.ITestResult)[pri:0, instance:com.artoftesting.test.SearchFlightsTest@36f48b4]" started-at="2023-08-09T00:45:16 IST" name="screenshotAndDeleteCookies" finished-at="2023-08-09T00:45:17 IST" duration-ms="297" status="PASS">
          <params>
            <param index="0">
              <value>
                <![CDATA[[TestResult name=verifyFlightNumberDislayedInSearchResults status=SUCCESS method=SearchFlightsTest.verifyFlightNumberDislayedInSearchResults()[pri:0, instance:com.artoftesting.test.SearchFlightsTest@36f48b4] output={null}]]]>
              </value>
            </param>
          </params>
          <reporter-output>
          </reporter-output>
        </test-method> <!-- screenshotAndDeleteCookies -->
        <test-method is-config="true" signature="loadBaseUrl(java.lang.reflect.Method)[pri:0, instance:com.artoftesting.test.SearchFlightsTest@36f48b4]" started-at="2023-08-09T00:45:17 IST" name="loadBaseUrl" finished-at="2023-08-09T00:45:18 IST" duration-ms="1312" status="PASS">
          <params>
            <param index="0">
              <value>
                <![CDATA[public void com.artoftesting.test.SearchFlightsTest.verifyNoFlightsFound() throws java.lang.Exception]]>
              </value>
            </param>
          </params>
          <reporter-output>
          </reporter-output>
        </test-method> <!-- loadBaseUrl -->
        <test-method signature="verifyNoFlightsFound()[pri:0, instance:com.artoftesting.test.SearchFlightsTest@36f48b4]" started-at="2023-08-09T00:45:18 IST" name="verifyNoFlightsFound" finished-at="2023-08-09T00:45:22 IST" duration-ms="4647" status="PASS">
          <reporter-output>
          </reporter-output>
        </test-method> <!-- verifyNoFlightsFound -->
        <test-method is-config="true" signature="screenshotAndDeleteCookies(org.testng.ITestResult)[pri:0, instance:com.artoftesting.test.SearchFlightsTest@36f48b4]" started-at="2023-08-09T00:45:22 IST" name="screenshotAndDeleteCookies" finished-at="2023-08-09T00:45:23 IST" duration-ms="170" status="PASS">
          <params>
            <param index="0">
              <value>
                <![CDATA[[TestResult name=verifyNoFlightsFound status=SUCCESS method=SearchFlightsTest.verifyNoFlightsFound()[pri:0, instance:com.artoftesting.test.SearchFlightsTest@36f48b4] output={null}]]]>
              </value>
            </param>
          </params>
          <reporter-output>
          </reporter-output>
        </test-method> <!-- screenshotAndDeleteCookies -->
        <test-method is-config="true" signature="suiteTearDown()[pri:0, instance:com.artoftesting.test.SearchFlightsTest@36f48b4]" started-at="2023-08-09T00:45:23 IST" name="suiteTearDown" finished-at="2023-08-09T00:45:23 IST" duration-ms="615" status="PASS">
          <reporter-output>
          </reporter-output>
        </test-method> <!-- suiteTearDown -->
      </class> <!-- com.artoftesting.test.SearchFlightsTest -->
    </test> <!-- Regression -->
  </suite> <!-- Test Suite -->
</testng-results>
